c:\users\ohmon\source\repos\project1\project1\debug\vc141.pdb
c:\users\ohmon\source\repos\project1\project1\debug\vc141.idb
c:\users\ohmon\source\repos\project1\project1\debug\재귀 피보.obj
c:\users\ohmon\source\repos\project1\project1\debug\선택 정렬,버블 정렬.obj
c:\users\ohmon\source\repos\project1\project1\debug\반복 피보.obj
c:\users\ohmon\source\repos\project1\project1\debug\포인터 변수 주소값.obj
c:\users\ohmon\source\repos\project1\project1\debug\스왑함수.obj
c:\users\ohmon\source\repos\project1\project1\debug\포인터로 배열값 바꾸기.obj
c:\users\ohmon\source\repos\project1\project1\debug\기말.obj
c:\users\ohmon\source\repos\project1\project1\debug\소수.obj
c:\users\ohmon\source\repos\project1\project1\debug\최소공약수.obj
c:\users\ohmon\source\repos\project1\debug\project1.exe
c:\users\ohmon\source\repos\project1\debug\project1.ilk
c:\users\ohmon\source\repos\project1\debug\project1.pdb
c:\users\ohmon\source\repos\project1\project1\debug\project1.tlog\cl.command.1.tlog
c:\users\ohmon\source\repos\project1\project1\debug\project1.tlog\cl.read.1.tlog
c:\users\ohmon\source\repos\project1\project1\debug\project1.tlog\cl.write.1.tlog
c:\users\ohmon\source\repos\project1\project1\debug\project1.tlog\link.command.1.tlog
c:\users\ohmon\source\repos\project1\project1\debug\project1.tlog\link.read.1.tlog
c:\users\ohmon\source\repos\project1\project1\debug\project1.tlog\link.write.1.tlog
